<?xml version="1.0" encoding="UTF-8"?>
<!-- Generated by org.testng.reporters.JUnitReportReporter -->
<testsuite hostname="USMAN_PC" failures="0" tests="1" name="Usman.Usman.Maintest" time="0.075" errors="0" timestamp="2023-06-11T21:26:57 CEST" skipped="0">
  <testcase classname="Usman.Usman.Maintest" name="navigateBack2" time="0.075"/>
  <system-out/>
</testsuite> <!-- Usman.Usman.Maintest -->
