<?xml version="1.0" encoding="UTF-8"?>
<!-- Generated by org.testng.reporters.JUnitReportReporter -->
<testsuite hostname="USMAN_PC" failures="0" tests="10" name="Usman.Usman.Maintest" time="66.196" errors="0" timestamp="2023-06-10T15:20:48 CEST" skipped="0">
  <testcase classname="Usman.Usman.Maintest" name="title" time="5.329"/>
  <system-out/>
  <testcase classname="Usman.Usman.Maintest" name="Mobile" time="7.356"/>
  <system-out/>
  <testcase classname="Usman.Usman.Maintest" name="dropdown" time="5.098"/>
  <system-out/>
  <testcase classname="Usman.Usman.Maintest" name="dropdownTest" time="0.857"/>
  <system-out/>
  <testcase classname="Usman.Usman.Maintest" name="mobilename" time="0.272"/>
  <system-out/>
  <testcase classname="Usman.Usman.Maintest" name="mobilepricecompare" time="9.118"/>
  <system-out/>
  <testcase classname="Usman.Usman.Maintest" name="navigateBack" time="0.684"/>
  <system-out/>
  <testcase classname="Usman.Usman.Maintest" name="addcarte" time="18.453"/>
  <system-out/>
  <testcase classname="Usman.Usman.Maintest" name="navigateBack1" time="6.692"/>
  <system-out/>
  <testcase classname="Usman.Usman.Maintest" name="compare" time="12.337"/>
  <system-out/>
</testsuite> <!-- Usman.Usman.Maintest -->
